0 info it worked if it ends with ok
1 verbose cli [ '/usr/bin/nodejs', '/usr/bin/npm', 'install' ]
2 info using npm@3.5.2
3 info using node@v4.2.6
4 silly loadCurrentTree Starting
5 silly install loadCurrentTree
6 silly install readLocalPackageData
7 silly install normalizeTree
8 silly loadCurrentTree Finishing
9 silly loadIdealTree Starting
10 silly install loadIdealTree
11 silly cloneCurrentTree Starting
12 silly install cloneCurrentTreeToIdealTree
13 silly cloneCurrentTree Finishing
14 silly loadShrinkwrap Starting
15 silly install loadShrinkwrap
16 silly loadShrinkwrap Finishing
17 silly loadAllDepsIntoIdealTree Starting
18 silly install loadAllDepsIntoIdealTree
19 silly fetchNamedPackageData get-size
20 silly mapToRegistry name get-size
21 silly mapToRegistry using default registry
22 silly mapToRegistry registry https://registry.npmjs.org/
23 silly mapToRegistry uri https://registry.npmjs.org/get-size
24 silly fetchNamedPackageData eventEmitter
25 silly mapToRegistry name eventEmitter
26 silly mapToRegistry using default registry
27 silly mapToRegistry registry https://registry.npmjs.org/
28 silly mapToRegistry uri https://registry.npmjs.org/eventEmitter
29 verbose request uri https://registry.npmjs.org/get-size
30 verbose request no auth needed
31 info attempt registry request try #1 at 19:13:06
32 verbose request id 2191ac2198510432
33 http request GET https://registry.npmjs.org/get-size
34 verbose request uri https://registry.npmjs.org/eventEmitter
35 verbose request no auth needed
36 info attempt registry request try #1 at 19:13:06
37 http request GET https://registry.npmjs.org/eventEmitter
38 http 404 https://registry.npmjs.org/eventEmitter
39 verbose headers { 'content-type': 'application/json',
39 verbose headers   'cache-control': 'max-age=0',
39 verbose headers   'content-length': '2',
39 verbose headers   'accept-ranges': 'bytes',
39 verbose headers   date: 'Fri, 17 Feb 2017 21:13:12 GMT',
39 verbose headers   via: '1.1 varnish',
39 verbose headers   age: '0',
39 verbose headers   connection: 'keep-alive',
39 verbose headers   'x-served-by': 'cache-gru7123-GRU',
39 verbose headers   'x-cache': 'MISS',
39 verbose headers   'x-cache-hits': '0',
39 verbose headers   'x-timer': 'S1487365992.561814,VS0,VE399',
39 verbose headers   vary: 'Accept-Encoding' }
40 silly get cb [ 404,
40 silly get   { 'content-type': 'application/json',
40 silly get     'cache-control': 'max-age=0',
40 silly get     'content-length': '2',
40 silly get     'accept-ranges': 'bytes',
40 silly get     date: 'Fri, 17 Feb 2017 21:13:12 GMT',
40 silly get     via: '1.1 varnish',
40 silly get     age: '0',
40 silly get     connection: 'keep-alive',
40 silly get     'x-served-by': 'cache-gru7123-GRU',
40 silly get     'x-cache': 'MISS',
40 silly get     'x-cache-hits': '0',
40 silly get     'x-timer': 'S1487365992.561814,VS0,VE399',
40 silly get     vary: 'Accept-Encoding' } ]
41 silly fetchPackageMetaData Error: Registry returned 404 for GET on https://registry.npmjs.org/eventEmitter
41 silly fetchPackageMetaData     at makeError (/usr/share/npm/node_modules/npm-registry-client/lib/request.js:264:12)
41 silly fetchPackageMetaData     at CachingRegistryClient.<anonymous> (/usr/share/npm/node_modules/npm-registry-client/lib/request.js:242:14)
41 silly fetchPackageMetaData     at Request._callback (/usr/share/npm/node_modules/npm-registry-client/lib/request.js:172:14)
41 silly fetchPackageMetaData     at Request.self.callback (/usr/share/npm/node_modules/request/request.js:198:22)
41 silly fetchPackageMetaData     at emitTwo (events.js:87:13)
41 silly fetchPackageMetaData     at Request.emit (events.js:172:7)
41 silly fetchPackageMetaData     at Request.<anonymous> (/usr/share/npm/node_modules/request/request.js:1082:10)
41 silly fetchPackageMetaData     at emitOne (events.js:82:20)
41 silly fetchPackageMetaData     at Request.emit (events.js:169:7)
41 silly fetchPackageMetaData     at IncomingMessage.<anonymous> (/usr/share/npm/node_modules/request/request.js:1009:12)
41 silly fetchPackageMetaData  error for eventEmitter@~4.2.11 { [Error: Registry returned 404 for GET on https://registry.npmjs.org/eventEmitter] pkgid: 'eventEmitter', statusCode: 404, code: 'E404' }
42 http 200 https://registry.npmjs.org/get-size
43 verbose headers { server: 'nginx/1.10.1',
43 verbose headers   'content-type': 'application/json',
43 verbose headers   'last-modified': 'Mon, 04 Jan 2016 22:38:05 GMT',
43 verbose headers   etag: 'W/"568af44d-247a"',
43 verbose headers   'content-encoding': 'gzip',
43 verbose headers   'cache-control': 'max-age=300',
43 verbose headers   'content-length': '1853',
43 verbose headers   'accept-ranges': 'bytes',
43 verbose headers   date: 'Fri, 17 Feb 2017 21:13:15 GMT',
43 verbose headers   via: '1.1 varnish',
43 verbose headers   age: '0',
43 verbose headers   connection: 'keep-alive',
43 verbose headers   'x-served-by': 'cache-gru7126-GRU',
43 verbose headers   'x-cache': 'HIT',
43 verbose headers   'x-cache-hits': '1',
43 verbose headers   'x-timer': 'S1487365994.300792,VS0,VE757',
43 verbose headers   vary: 'Accept-Encoding' }
44 silly get cb [ 200,
44 silly get   { server: 'nginx/1.10.1',
44 silly get     'content-type': 'application/json',
44 silly get     'last-modified': 'Mon, 04 Jan 2016 22:38:05 GMT',
44 silly get     etag: 'W/"568af44d-247a"',
44 silly get     'content-encoding': 'gzip',
44 silly get     'cache-control': 'max-age=300',
44 silly get     'content-length': '1853',
44 silly get     'accept-ranges': 'bytes',
44 silly get     date: 'Fri, 17 Feb 2017 21:13:15 GMT',
44 silly get     via: '1.1 varnish',
44 silly get     age: '0',
44 silly get     connection: 'keep-alive',
44 silly get     'x-served-by': 'cache-gru7126-GRU',
44 silly get     'x-cache': 'HIT',
44 silly get     'x-cache-hits': '1',
44 silly get     'x-timer': 'S1487365994.300792,VS0,VE757',
44 silly get     vary: 'Accept-Encoding' } ]
45 verbose get saving get-size to /home/cale/.npm/registry.npmjs.org/get-size/.cache.json
46 silly resolveWithNewModule get-size@1.2.2 checking installable status
47 silly cache add args [ 'get-size@~1.2.2', null ]
48 verbose cache add spec get-size@~1.2.2
49 silly cache add parsed spec Result {
49 silly cache add   raw: 'get-size@~1.2.2',
49 silly cache add   scope: null,
49 silly cache add   name: 'get-size',
49 silly cache add   rawSpec: '~1.2.2',
49 silly cache add   spec: '>=1.2.2 <1.3.0',
49 silly cache add   type: 'range' }
50 silly addNamed get-size@>=1.2.2 <1.3.0
51 verbose addNamed ">=1.2.2 <1.3.0" is a valid semver range for get-size
52 silly addNameRange { name: 'get-size', range: '>=1.2.2 <1.3.0', hasData: false }
53 silly mapToRegistry name get-size
54 silly mapToRegistry using default registry
55 silly mapToRegistry registry https://registry.npmjs.org/
56 silly mapToRegistry uri https://registry.npmjs.org/get-size
57 verbose addNameRange registry:https://registry.npmjs.org/get-size not in flight; fetching
58 verbose get https://registry.npmjs.org/get-size not expired, no request
59 silly addNameRange number 2 { name: 'get-size', range: '>=1.2.2 <1.3.0', hasData: true }
60 silly addNameRange versions [ 'get-size',
60 silly addNameRange   [ '1.1.7',
60 silly addNameRange     '1.1.8',
60 silly addNameRange     '1.2.0',
60 silly addNameRange     '1.2.1',
60 silly addNameRange     '1.2.2',
60 silly addNameRange     '2.0.0',
60 silly addNameRange     '2.0.1',
60 silly addNameRange     '2.0.2' ] ]
61 silly addNamed get-size@1.2.2
62 verbose addNamed "1.2.2" is a plain semver version for get-size
63 silly mapToRegistry name get-size
64 silly mapToRegistry using default registry
65 silly mapToRegistry registry https://registry.npmjs.org/
66 silly mapToRegistry uri https://registry.npmjs.org/get-size
67 verbose addRemoteTarball https://registry.npmjs.org/get-size/-/get-size-1.2.2.tgz not in flight; adding
68 verbose addRemoteTarball [ 'https://registry.npmjs.org/get-size/-/get-size-1.2.2.tgz',
68 verbose addRemoteTarball   'bfc3ef1d019e34508c994fa327d183c2875d62e6' ]
69 info retry fetch attempt 1 at 19:13:15
70 info attempt registry request try #1 at 19:13:15
71 http fetch GET https://registry.npmjs.org/get-size/-/get-size-1.2.2.tgz
72 http fetch 200 https://registry.npmjs.org/get-size/-/get-size-1.2.2.tgz
73 silly fetchAndShaCheck shasum bfc3ef1d019e34508c994fa327d183c2875d62e6
74 verbose addTmpTarball /tmp/npm-3242-6f40a9b8/registry.npmjs.org/get-size/-/get-size-1.2.2.tgz not in flight; adding
75 verbose addTmpTarball already have metadata; skipping unpack for get-size@1.2.2
76 silly cache afterAdd get-size@1.2.2
77 verbose afterAdd /home/cale/.npm/get-size/1.2.2/package/package.json not in flight; writing
78 verbose afterAdd /home/cale/.npm/get-size/1.2.2/package/package.json written
79 silly rollbackFailedOptional Starting
80 silly rollbackFailedOptional Finishing
81 silly runTopLevelLifecycles Starting
82 silly runTopLevelLifecycles Finishing
83 silly install printInstalled
84 verbose stack Error: Registry returned 404 for GET on https://registry.npmjs.org/eventEmitter
84 verbose stack     at makeError (/usr/share/npm/node_modules/npm-registry-client/lib/request.js:264:12)
84 verbose stack     at CachingRegistryClient.<anonymous> (/usr/share/npm/node_modules/npm-registry-client/lib/request.js:242:14)
84 verbose stack     at Request._callback (/usr/share/npm/node_modules/npm-registry-client/lib/request.js:172:14)
84 verbose stack     at Request.self.callback (/usr/share/npm/node_modules/request/request.js:198:22)
84 verbose stack     at emitTwo (events.js:87:13)
84 verbose stack     at Request.emit (events.js:172:7)
84 verbose stack     at Request.<anonymous> (/usr/share/npm/node_modules/request/request.js:1082:10)
84 verbose stack     at emitOne (events.js:82:20)
84 verbose stack     at Request.emit (events.js:169:7)
84 verbose stack     at IncomingMessage.<anonymous> (/usr/share/npm/node_modules/request/request.js:1009:12)
85 verbose statusCode 404
86 verbose pkgid eventEmitter
87 verbose cwd /home/cale/NetBeansProjects/QuickPeek/RB-ComponentesAngular
88 error Linux 4.4.0-62-generic
89 error argv "/usr/bin/nodejs" "/usr/bin/npm" "install"
90 error node v4.2.6
91 error npm  v3.5.2
92 error code E404
93 error 404 Registry returned 404 for GET on https://registry.npmjs.org/eventEmitter
94 error 404
95 error 404 'eventEmitter' is not in the npm registry.
96 error 404 Your package name is not valid, because
97 error 404 1. name can no longer contain capital letters
98 error 404 It was specified as a dependency of 'RB-ComponentesAngular'
99 error 404 Note that you can also install from a
100 error 404 tarball, folder, http url, or git url.
101 verbose exit [ 1, true ]
